FlashLightWaps/proguard/seeds.txt
com.dream.flashlight.FlashLight
com.dream.flashlight.FlashLight: FlashLight()
com.dream.flashlight.FlashLightSwitch
com.dream.flashlight.FlashLightSwitch: FlashLightSwitch(android.content.Context)
com.dream.flashlight.FlashLightSwitch: FlashLightSwitch(android.content.Context,android.util.AttributeSet)
com.dream.flashlight.FlashLightSwitch: void setSwitchState(boolean)
com.dream.flashlight.FlashLightSwitch: boolean getSwitchState()
com.dream.flashlight.FlashLightSwitch: void setOnSwitchListener(com.dream.flashlight.FlashLightSwitch$OnSwitchListener)
com.dream.flashlight.R$attr: int max
com.dream.flashlight.R$attr: int roundColor
com.dream.flashlight.R$attr: int roundProgressColor
com.dream.flashlight.R$attr: int roundWidth
com.dream.flashlight.R$attr: int style
com.dream.flashlight.R$attr: int textColor
com.dream.flashlight.R$attr: int textIsDisplayable
com.dream.flashlight.R$attr: int textSize
com.dream.flashlight.R$color: int transparent_background
com.dream.flashlight.R$dimen: int padding_large
com.dream.flashlight.R$dimen: int padding_medium
com.dream.flashlight.R$dimen: int padding_small
com.dream.flashlight.R$drawable: int close
com.dream.flashlight.R$drawable: int detail_bg
com.dream.flashlight.R$drawable: int down_ico
com.dream.flashlight.R$drawable: int flashlight_bg_off
com.dream.flashlight.R$drawable: int flashlight_bg_on
com.dream.flashlight.R$drawable: int handle_down
com.dream.flashlight.R$drawable: int handle_up
com.dream.flashlight.R$drawable: int ic_launcher
com.dream.flashlight.R$drawable: int icon
com.dream.flashlight.R$drawable: int item_bg
com.dream.flashlight.R$drawable: int loading_bg
com.dream.flashlight.R$drawable: int slip
com.dream.flashlight.R$drawable: int switch_bg
com.dream.flashlight.R$drawable: int switch_bg_poweroff
com.dream.flashlight.R$drawable: int switch_bg_poweron
com.dream.flashlight.R$drawable: int title_bg
com.dream.flashlight.R$id: int AdLinearLayout
com.dream.flashlight.R$id: int FILL
com.dream.flashlight.R$id: int OffersButton
com.dream.flashlight.R$id: int PointsTextView
com.dream.flashlight.R$id: int RelativeLayout01
com.dream.flashlight.R$id: int SDKVersionView
com.dream.flashlight.R$id: int STROKE
com.dream.flashlight.R$id: int appOffersButton
com.dream.flashlight.R$id: int awardButton
com.dream.flashlight.R$id: int bt_light
com.dream.flashlight.R$id: int checkUpdateButton
com.dream.flashlight.R$id: int detail
com.dream.flashlight.R$id: int detail_content
com.dream.flashlight.R$id: int detail_description
com.dream.flashlight.R$id: int detail_downButton1
com.dream.flashlight.R$id: int detail_downButton2
com.dream.flashlight.R$id: int detail_filesize
com.dream.flashlight.R$id: int detail_icon
com.dream.flashlight.R$id: int detail_image1
com.dream.flashlight.R$id: int detail_image2
com.dream.flashlight.R$id: int detail_title
com.dream.flashlight.R$id: int detail_version
com.dream.flashlight.R$id: int diyAdButton
com.dream.flashlight.R$id: int diyAdListButton
com.dream.flashlight.R$id: int drawerContent
com.dream.flashlight.R$id: int drawerHandle
com.dream.flashlight.R$id: int feedbackButton
com.dream.flashlight.R$id: int flashlightswitch
com.dream.flashlight.R$id: int gameOffersButton
com.dream.flashlight.R$id: int imageview
com.dream.flashlight.R$id: int linearLayout
com.dream.flashlight.R$id: int miniAdLinearLayout
com.dream.flashlight.R$id: int moreAppsButton
com.dream.flashlight.R$layout: int activity_flash_light
com.dream.flashlight.R$layout: int activity_main
com.dream.flashlight.R$layout: int detail
com.dream.flashlight.R$layout: int main
com.dream.flashlight.R$layout: int slidewall
com.dream.flashlight.R$raw: int flashlight
...
cn.waps.bm
cn.waps.bm: android.os.Handler a
cn.waps.bm: android.widget.LinearLayout b
cn.waps.bm: boolean c
cn.waps.bm: android.view.View d
cn.waps.bm: android.content.Context e
cn.waps.bm: long f
cn.waps.bm: int g
cn.waps.bm: cn.waps.AnimationType j
cn.waps.bm: int k
cn.waps.bm: boolean l
cn.waps.bm: int m
cn.waps.bm: java.lang.String n
cn.waps.bm: int o
cn.waps.bm: int p
cn.waps.bm: java.lang.String q
cn.waps.bm: android.content.SharedPreferences r
cn.waps.bm: android.content.SharedPreferences$Editor s
cn.waps.bm: cn.waps.AdInfo t
cn.waps.bm: java.lang.String u
cn.waps.bm: java.lang.Runnable h
cn.waps.bm: android.widget.TextView i
cn.waps.bm: bm(android.content.Context,android.widget.LinearLayout)
cn.waps.bm: bm()
cn.waps.bm: void a(int)
cn.waps.bm: void b()
cn.waps.bm: void c()
cn.waps.bm: void c(int)
cn.waps.bm: android.view.View$OnClickListener a(android.content.Context,int)
cn.waps.bm: android.widget.LinearLayout a(android.content.Context,android.graphics.Bitmap,java.lang.String,int)
cn.waps.bm: void a(cn.waps.bm)
cn.waps.bm: boolean b(cn.waps.bm)
cn.waps.bm: int c(cn.waps.bm)
cn.waps.bm: int d(cn.waps.bm)
cn.waps.bm: int a()
cn.waps.bm: int a(cn.waps.bm,int)
cn.waps.bm: int b(int)
cn.waps.bm: void b(cn.waps.bm,int)
cn.waps.bm: boolean a(cn.waps.bm,boolean)
cn.waps.bm: int e(cn.waps.bm)
cn.waps.bm: void <clinit>()
cn.waps.br
cn.waps.br: int a
cn.waps.br: android.content.Context b
cn.waps.br: cn.waps.bm c
cn.waps.br: br(cn.waps.bm,android.content.Context,int)
cn.waps.br: void onClick(android.view.View)
cn.waps.bs
cn.waps.bs: java.lang.String a
cn.waps.bs: java.lang.String b
cn.waps.bs: java.lang.String c
cn.waps.bs: java.lang.String d
cn.waps.bs: java.lang.String e
cn.waps.bs: java.lang.String f
cn.waps.bs: java.lang.String g
cn.waps.bs: java.lang.String h
cn.waps.bs: java.lang.String i
cn.waps.bs: java.lang.String j
cn.waps.bs: cn.waps.AppListener k
cn.waps.bs: android.os.Handler l
cn.waps.bs: java.util.HashMap m
cn.waps.bs: java.util.HashMap n
cn.waps.bs: int o
cn.waps.bs: bs()
cn.waps.bs: java.lang.String a()
cn.waps.bs: void a(java.lang.String)
cn.waps.bs: java.lang.String b()
cn.waps.bs: void b(java.lang.String)
cn.waps.bs: java.lang.String c()
cn.waps.bs: void c(java.lang.String)
cn.waps.bs: java.lang.String d()
cn.waps.bs: void d(java.lang.String)
cn.waps.bs: java.lang.String e()
cn.waps.bs: void e(java.lang.String)
cn.waps.bs: java.lang.String f()
cn.waps.bs: void f(java.lang.String)
cn.waps.bs: java.lang.String g()
cn.waps.bs: void g(java.lang.String)
cn.waps.bs: java.lang.String h()
cn.waps.bs: void h(java.lang.String)
cn.waps.bs: java.lang.String i()
cn.waps.bs: void i(java.lang.String)
cn.waps.bs: void j(java.lang.String)
cn.waps.bs: android.os.Handler j()
cn.waps.bs: void a(android.os.Handler)
cn.waps.bs: java.util.HashMap k()
cn.waps.bs: void a(java.util.HashMap)
cn.waps.bs: java.util.HashMap l()
cn.waps.bs: void b(java.util.HashMap)
cn.waps.bs: int m()
cn.waps.bs: void a(int)
cn.waps.bt
cn.waps.bt: android.app.Dialog a
cn.waps.bt: bt()
cn.waps.bt: android.app.Dialog a(android.content.Context,cn.waps.bs)