FlashLightWaps/proguard/mapping.txt
com.dream.flashlight.FlashLight -> com.dream.flashlight.FlashLight:
    android.content.Context mContext -> b
    android.widget.ImageView imageView -> c
    android.hardware.Camera camera -> d
    android.hardware.Camera$Parameters parameters -> e
    boolean flashligth_opened -> a
    android.graphics.Bitmap onBitmapBackground -> f
    android.graphics.Bitmap offBitmapBackground -> g
    android.media.AudioManager am -> h
    android.media.MediaPlayer mMediaPlayer -> i
    com.dream.flashlight.FlashLightSwitch slipswitch_MSL -> j
    void onCreate(android.os.Bundle) -> onCreate
    void setupBannerAd() -> b
    boolean onKeyDown(int,android.view.KeyEvent) -> onKeyDown
    void onStart() -> onStart
    void onRestart() -> onRestart
    void onResume() -> onResume
    void onPause() -> onPause
    void onStop() -> onStop
    void onDestroy() -> onDestroy
    void onRestoreInstanceState(android.os.Bundle) -> onRestoreInstanceState
    void onSaveInstanceState(android.os.Bundle) -> onSaveInstanceState
    void onConfigurationChanged(android.content.res.Configuration) -> onConfigurationChanged
    void Myback() -> a
    android.widget.ImageView access$2(com.dream.flashlight.FlashLight) -> a
    android.graphics.Bitmap access$3(com.dream.flashlight.FlashLight) -> b
    android.hardware.Camera access$4(com.dream.flashlight.FlashLight) -> c
    void access$5(com.dream.flashlight.FlashLight,android.hardware.Camera$Parameters) -> a
com.dream.flashlight.FlashLight$1 -> com.dream.flashlight.a:
    com.dream.flashlight.FlashLight this$0 -> a
    void onSwitched(boolean) -> a
com.dream.flashlight.FlashLight$2 -> com.dream.flashlight.b:
    com.dream.flashlight.FlashLight this$0 -> a
    void onPopNoData() -> onPopNoData
com.dream.flashlight.FlashLight$3 -> com.dream.flashlight.c:
    com.dream.flashlight.FlashLight this$0 -> a
    void onBannerNoData() -> onBannerNoData
com.dream.flashlight.FlashLightSwitch -> com.dream.flashlight.FlashLightSwitch:
    android.graphics.Bitmap switch_on_Bkg -> a
    android.graphics.Bitmap switch_off_Bkg -> b
    android.graphics.Bitmap slip_Btn -> c
    android.graphics.Rect on_Rect -> d
    android.graphics.Rect off_Rect -> e
    boolean isSlipping -> f
    boolean isSwitchOn -> g
    float previousy -> h
    float currenty -> i
    com.dream.flashlight.FlashLightSwitch$OnSwitchListener onSwitchListener -> j
    boolean isSwitchListenerOn -> k
    void init() -> a
    void setImageResource(int,int,int) -> a
    void setSwitchState(boolean) -> setSwitchState
    boolean getSwitchState() -> getSwitchState
    void onDraw(android.graphics.Canvas) -> onDraw
    void onMeasure(int,int) -> onMeasure
    boolean onTouch(android.view.View,android.view.MotionEvent) -> onTouch
    void setOnSwitchListener(com.dream.flashlight.FlashLightSwitch$OnSwitchListener) -> setOnSwitchListener
com.dream.flashlight.FlashLightSwitch$OnSwitchListener -> com.dream.flashlight.d:
    void onSwitched(boolean) -> a
...
cn.waps.x -> cn.waps.dc:
    java.lang.String a -> a
    java.util.List b -> b
    boolean c -> c
    cn.waps.AppConnect d -> d
    java.lang.Boolean a(java.lang.Void[]) -> a
    void a(java.lang.Boolean) -> a
    void onPostExecute(java.lang.Object) -> onPostExecute
    java.lang.Object doInBackground(java.lang.Object[]) -> doInBackground
cn.waps.y -> cn.waps.dd:
    cn.waps.AppConnect a -> a
    java.lang.Boolean a(java.lang.Void[]) -> a
    java.lang.Object doInBackground(java.lang.Object[]) -> doInBackground
cn.waps.z -> cn.waps.de:
    cn.waps.AppConnect a -> a
    java.lang.Boolean a(java.lang.Void[]) -> a
    java.lang.Object doInBackground(java.lang.Object[]) -> doInBackground
com.android.dream.MainActivity -> com.android.dream.MainActivity:
    void onCreate(android.os.Bundle) -> onCreate
    boolean onKeyDown(int,android.view.KeyEvent) -> onKeyDown
com.android.dream.MainActivity$1 -> com.android.dream.a:
    com.android.dream.MainActivity this$0 -> a
    void onPopNoData() -> onPopNoData
com.android.dream.MainActivity$2 -> com.android.dream.b:
    com.android.dream.MainActivity this$0 -> a
    void onBannerNoData() -> onBannerNoData
com.tencent.a.a.a.a.a -> com.tencent.a.a.a.a.a:
    java.util.List a(java.io.File) -> a
    java.io.File a(java.lang.String) -> a
com.tencent.a.a.a.a.b -> com.tencent.a.a.a.a.b:
    boolean a() -> a
    java.lang.String b() -> b
    void b(java.lang.String) -> a
com.tencent.a.a.a.a.c -> com.tencent.a.a.a.a.c:
    java.lang.String a -> a
    java.lang.String b -> b
    java.lang.String c -> c
    long d -> d
    java.lang.String c() -> a
    com.tencent.a.a.a.a.c c(java.lang.String) -> a
    java.lang.String toString() -> toString
    org.json.JSONObject d() -> b
com.tencent.a.a.a.a.d -> com.tencent.a.a.a.a.d:
    java.lang.String b() -> b
    void b(java.lang.String) -> a
    boolean a() -> a
com.tencent.a.a.a.a.e -> com.tencent.a.a.a.a.e:
    boolean a() -> a
    java.lang.String b() -> b
    void b(java.lang.String) -> a
com.tencent.a.a.a.a.f -> com.tencent.a.a.a.a.f:
    android.content.Context e -> a
    com.tencent.a.a.a.a.c e() -> c
    void a(com.tencent.a.a.a.a.c) -> a
    boolean a() -> a
    java.lang.String b() -> b
    void b(java.lang.String) -> a
com.tencent.a.a.a.a.g -> com.tencent.a.a.a.a.g:
    java.util.Map f -> a
    int g -> b
    android.content.Context h -> c
    com.tencent.a.a.a.a.g i -> d
    com.tencent.a.a.a.a.g a(android.content.Context) -> a
    com.tencent.a.a.a.a.c f() -> a
    com.tencent.a.a.a.a.c a(java.util.List) -> a
    void b(java.lang.String) -> a
com.tencent.a.a.a.a.h -> com.tencent.a.a.a.a.h:
    void a(java.lang.String,java.lang.Throwable) -> a
    boolean d(java.lang.String) -> a
    boolean e(java.lang.String) -> b
    boolean a(android.content.Context,java.lang.String) -> a
    void a(org.json.JSONObject,java.lang.String,java.lang.String) -> a
    java.lang.String f(java.lang.String) -> c
    java.lang.String g(java.lang.String) -> d
    java.lang.String b(android.content.Context) -> a
    java.lang.String c(android.content.Context) -> b
com.tencent.mm.a.a -> com.tencent.b.a.a:
    javax.crypto.Cipher j -> a
    java.lang.String h(java.lang.String) -> a
com.tencent.mm.a.b -> com.tencent.b.a.b:
    java.lang.String a(byte[]) -> a
com.tencent.mm.sdk.a.a -> com.tencent.b.b.a.a:
    boolean a(android.content.Context,com.tencent.mm.sdk.a.a$a) -> a
com.tencent.mm.sdk.a.a$a -> com.tencent.b.b.a.b:
    java.lang.String k -> a
    java.lang.String l -> b
    java.lang.String m -> c
    int flags -> d
    android.os.Bundle n -> e
com.tencent.mm.sdk.a.a.a -> com.tencent.b.b.a.a.a:
    boolean a(android.content.Context,com.tencent.mm.sdk.a.a.a$a) -> a
com.tencent.mm.sdk.a.a.a$a -> com.tencent.b.b.a.a.b:
    java.lang.String o -> a
    java.lang.String p -> b
    java.lang.String m -> c
    android.os.Bundle n -> d
com.tencent.mm.sdk.a.a.b -> com.tencent.b.b.a.a.c:
    byte[] a(java.lang.String,int,java.lang.String) -> a