FlashLightWaps/proguard/usage.txt
com.dream.flashlight.BuildConfig
com.dream.flashlight.FlashLight:
    private static final java.lang.String TAG
    private android.media.AudioTrack at
    private android.widget.Button switch_Btn
    199:213:private void setupMiniAd()
    216:232:public void playAudio()
    52:52:static synthetic android.media.AudioTrack access$0(com.dream.flashlight.FlashLight)
    53:53:static synthetic android.media.AudioManager access$1(com.dream.flashlight.FlashLight)
com.dream.flashlight.FlashLight$AudioTrackThread
com.dream.flashlight.FlashLightSwitch:
    63:65:protected void updateSwitchState(boolean)
com.dream.flashlight.R
com.dream.flashlight.R$attr
com.dream.flashlight.R$color
com.dream.flashlight.R$dimen
com.dream.flashlight.R$drawable
com.dream.flashlight.R$id
com.dream.flashlight.R$layout
com.dream.flashlight.R$raw
com.dream.flashlight.R$string
com.dream.flashlight.R$style
com.dream.flashlight.R$styleable
...
a.a.a
com.tencent.mm.sdk.b.a:
    public static void c(java.lang.String,java.lang.String)
com.tencent.mm.sdk.b.a$a:
    public abstract void e(java.lang.String,java.lang.String)
com.tencent.mm.sdk.b.b:
    public final void e(java.lang.String,java.lang.String)
com.tencent.mm.sdk.constants.Build
com.tencent.mm.sdk.constants.ConstantsAPI
com.tencent.mm.sdk.constants.ConstantsAPI$Token
com.tencent.mm.sdk.constants.ConstantsAPI$WXApp
com.tencent.mm.sdk.modelbase.BaseReq:
    public void fromBundle(android.os.Bundle)
com.tencent.mm.sdk.modelbase.BaseResp
com.tencent.mm.sdk.modelbase.BaseResp$ErrCode
com.tencent.mm.sdk.modelbiz.AddCardToWXCardPackage
com.tencent.mm.sdk.modelbiz.AddCardToWXCardPackage$Req
com.tencent.mm.sdk.modelbiz.AddCardToWXCardPackage$Resp
com.tencent.mm.sdk.modelbiz.AddCardToWXCardPackage$WXCardItem
com.tencent.mm.sdk.modelbiz.JumpToBizProfile
com.tencent.mm.sdk.modelbiz.JumpToBizProfile$Req
com.tencent.mm.sdk.modelbiz.JumpToBizWebview
com.tencent.mm.sdk.modelbiz.JumpToBizWebview$Req
com.tencent.mm.sdk.modelmsg.GetMessageFromWX
com.tencent.mm.sdk.modelmsg.GetMessageFromWX$Req
com.tencent.mm.sdk.modelmsg.GetMessageFromWX$Resp
com.tencent.mm.sdk.modelmsg.LaunchFromWX
com.tencent.mm.sdk.modelmsg.LaunchFromWX$Req
com.tencent.mm.sdk.modelmsg.LaunchFromWX$Resp
com.tencent.mm.sdk.modelmsg.SendAuth
com.tencent.mm.sdk.modelmsg.SendAuth$Req
com.tencent.mm.sdk.modelmsg.SendAuth$Resp
com.tencent.mm.sdk.modelmsg.SendMessageToWX:
    private SendMessageToWX()
com.tencent.mm.sdk.modelmsg.SendMessageToWX$Req:
    public static final int WXSceneSession
    public static final int WXSceneTimeline
    public static final int WXSceneFavorite
    private static final java.lang.String TAG
    private static final int FAV_CONTENT_LENGTH_LIMIT
    public SendMessageToWX$Req(android.os.Bundle)
    public void fromBundle(android.os.Bundle)
com.tencent.mm.sdk.modelmsg.SendMessageToWX$Resp
com.tencent.mm.sdk.modelmsg.ShowMessageFromWX
com.tencent.mm.sdk.modelmsg.ShowMessageFromWX$Req
com.tencent.mm.sdk.modelmsg.ShowMessageFromWX$Resp
com.tencent.mm.sdk.modelmsg.WXAppExtendObject
com.tencent.mm.sdk.modelmsg.WXAppLaunchData
com.tencent.mm.sdk.modelmsg.WXAppLaunchData$Builder
com.tencent.mm.sdk.modelmsg.WXEmojiObject
com.tencent.mm.sdk.modelmsg.WXEmojiSharedObject
com.tencent.mm.sdk.modelmsg.WXFileObject:
    private static final java.lang.String TAG
    private static final int CONTENT_LENGTH_LIMIT
    public WXFileObject(byte[])
    public void setFileData(byte[])
    public void setFilePath(java.lang.String)
    public void unserialize(android.os.Bundle)
com.tencent.mm.sdk.modelmsg.WXImageObject:
    private static final java.lang.String TAG
    private static final int CONTENT_LENGTH_LIMIT
    private static final int PATH_LENGTH_LIMIT
    private static final int URL_LENGTH_LIMIT
    public WXImageObject(byte[])
    public void setImagePath(java.lang.String)
    public void unserialize(android.os.Bundle)
com.tencent.mm.sdk.modelmsg.WXMediaMessage:
    private static final java.lang.String TAG
    public static final int THUMB_LENGTH_LIMIT
    private static final int TITLE_LENGTH_LIMIT
    private static final int DESCRIPTION_LENGTH_LIMIT
    private static final int MEDIA_TAG_NAME_LENGTH_LIMIT
    private static final int MESSAGE_ACTION_LENGTH_LIMIT
    private static final int MESSAGE_EXT_LENGTH_LIMIT
    public static final java.lang.String ACTION_WXAPPMESSAGE
com.tencent.mm.sdk.modelmsg.WXMediaMessage$Builder:
    public static final java.lang.String KEY_IDENTIFIER
    public WXMediaMessage$Builder()
    public static com.tencent.mm.sdk.modelmsg.WXMediaMessage fromBundle(android.os.Bundle)
    private static java.lang.String pathOldToNew(java.lang.String)